
Cadence Innovus(TM) Implementation System.
Copyright 2020 Cadence Design Systems, Inc. All rights reserved worldwide.

Version:	v20.10-p004_1, built Thu May 7 20:02:41 PDT 2020
Options:	
Date:		Thu May 26 23:42:29 2022
Host:		cad16 (x86_64 w/Linux 3.10.0-1160.59.1.el7.x86_64) (6cores*24cpus*Intel(R) Xeon(R) CPU E5-2620 0 @ 2.00GHz 15360KB)
OS:		CentOS Linux release 7.9.2009 (Core)

License:
		invs	Innovus Implementation System	20.1	checkout succeeded
		8 CPU jobs allowed with the current license(s). Use setMultiCpuUsage to set your required CPU count.
**WARN: (IMPOPT-801):	Genus executable not found in PATH. Install Genus, add the path to the genus executable in the PATH variable and rerun Innovus.
Change the soft stacksize limit to 0.2%RAM (80 mbytes). Set global soft_stack_size_limit to change the value.

**INFO:  MMMC transition support version v31-84 

<CMD> set_global _enable_mmmc_by_default_flow      $CTE::mmmc_default
<CMD> suppressMessage ENCEXT-2799
<CMD> win
<CMD> encMessage warning 0
Suppress "**WARN ..." messages.
<CMD> encMessage debug 0
<CMD> encMessage info 0
**ERROR: (IMPSYT-7338):	The specified design session directory '/home/raid7_2/userb08/b08189/final/apr/apr_final/DBS/powerroute.enc.dat' could not be located as specified. Check your file system, correct the location, and try restoring the design again.


ERROR: 


    while executing
"error $catchMsg"
    (procedure "restoreDesign" line 31)

<CMD> encMessage warning 0
Suppress "**WARN ..." messages.
<CMD> encMessage debug 0
<CMD> encMessage info 0
**ERROR: (IMPIMEX-7024):	The file /home/raid7_2/userb08/b08189/final/apr/apr_final/DBS/powerroute.enc.dat/viewDefinition.tcl inside the saved design directory was modified. This is dangerous and can cause unexpected problems and crashes when reading the design or inside commands later in the flow. If you are just experimenting and/or debugging and accept the risks, you can set the Tcl global restore_db_file_check to 0 and try again.
**ERROR: (IMPIMEX-7024):	The file /home/raid7_2/userb08/b08189/final/apr/apr_final/DBS/powerroute.enc.dat/gui.pref.tcl inside the saved design directory was modified. This is dangerous and can cause unexpected problems and crashes when reading the design or inside commands later in the flow. If you are just experimenting and/or debugging and accept the risks, you can set the Tcl global restore_db_file_check to 0 and try again.
**ERROR: (IMPIMEX-7024):	The file /home/raid7_2/userb08/b08189/final/apr/apr_final/DBS/powerroute.enc.dat/CHIP.mode inside the saved design directory was modified. This is dangerous and can cause unexpected problems and crashes when reading the design or inside commands later in the flow. If you are just experimenting and/or debugging and accept the risks, you can set the Tcl global restore_db_file_check to 0 and try again.
**ERROR: (IMPIMEX-7024):	The file /home/raid7_2/userb08/b08189/final/apr/apr_final/DBS/powerroute.enc.dat/CHIP.init inside the saved design directory was modified. This is dangerous and can cause unexpected problems and crashes when reading the design or inside commands later in the flow. If you are just experimenting and/or debugging and accept the risks, you can set the Tcl global restore_db_file_check to 0 and try again.
**ERROR: (IMPIMEX-7024):	The file /home/raid7_2/userb08/b08189/final/apr/apr_final/DBS/powerroute.enc.dat/CHIP.globals inside the saved design directory was modified. This is dangerous and can cause unexpected problems and crashes when reading the design or inside commands later in the flow. If you are just experimenting and/or debugging and accept the risks, you can set the Tcl global restore_db_file_check to 0 and try again.
**ERROR: (IMPIMEX-7024):	The file /home/raid7_2/userb08/b08189/final/apr/apr_final/DBS/powerroute.enc.dat/CHIP_power_constraints.tcl inside the saved design directory was modified. This is dangerous and can cause unexpected problems and crashes when reading the design or inside commands later in the flow. If you are just experimenting and/or debugging and accept the risks, you can set the Tcl global restore_db_file_check to 0 and try again.
**ERROR: (IMPIMEX-7023):	The file /home/raid7_2/userb08/b08189/final/apr/apr_final/DBS/powerroute.enc.dat/libs/lef/header6_V55_20ka_cic.lef inside the saved design directory was deleted. This is dangerous and can cause unexpected problems and crashes when reading the design or inside commands later in the flow. If you are just experimenting and/or debugging and accept the risks, you can set the Tcl global restore_db_file_check to 0 and try again.
**ERROR: (IMPIMEX-7023):	The file /home/raid7_2/userb08/b08189/final/apr/apr_final/DBS/powerroute.enc.dat/libs/lef/fsa0m_a_generic_core.lef inside the saved design directory was deleted. This is dangerous and can cause unexpected problems and crashes when reading the design or inside commands later in the flow. If you are just experimenting and/or debugging and accept the risks, you can set the Tcl global restore_db_file_check to 0 and try again.
**ERROR: (IMPIMEX-7023):	The file /home/raid7_2/userb08/b08189/final/apr/apr_final/DBS/powerroute.enc.dat/libs/lef/FSA0M_A_GENERIC_CORE_ANT_V55.lef inside the saved design directory was deleted. This is dangerous and can cause unexpected problems and crashes when reading the design or inside commands later in the flow. If you are just experimenting and/or debugging and accept the risks, you can set the Tcl global restore_db_file_check to 0 and try again.
**ERROR: (IMPIMEX-7023):	The file /home/raid7_2/userb08/b08189/final/apr/apr_final/DBS/powerroute.enc.dat/libs/lef/fsa0m_a_t33_generic_io.lef inside the saved design directory was deleted. This is dangerous and can cause unexpected problems and crashes when reading the design or inside commands later in the flow. If you are just experimenting and/or debugging and accept the risks, you can set the Tcl global restore_db_file_check to 0 and try again.
**ERROR: (IMPIMEX-7023):	The file /home/raid7_2/userb08/b08189/final/apr/apr_final/DBS/powerroute.enc.dat/libs/lef/FSA0M_A_T33_GENERIC_IO_ANT_V55.lef inside the saved design directory was deleted. This is dangerous and can cause unexpected problems and crashes when reading the design or inside commands later in the flow. If you are just experimenting and/or debugging and accept the risks, you can set the Tcl global restore_db_file_check to 0 and try again.
**ERROR: (IMPIMEX-7023):	The file /home/raid7_2/userb08/b08189/final/apr/apr_final/DBS/powerroute.enc.dat/libs/lef/BONDPAD.lef inside the saved design directory was deleted. This is dangerous and can cause unexpected problems and crashes when reading the design or inside commands later in the flow. If you are just experimenting and/or debugging and accept the risks, you can set the Tcl global restore_db_file_check to 0 and try again.
**ERROR: (IMPIMEX-7023):	The file /home/raid7_2/userb08/b08189/final/apr/apr_final/DBS/powerroute.enc.dat/libs/mmmc/fsa0m_a_generic_core_tt1p8v25c.lib inside the saved design directory was deleted. This is dangerous and can cause unexpected problems and crashes when reading the design or inside commands later in the flow. If you are just experimenting and/or debugging and accept the risks, you can set the Tcl global restore_db_file_check to 0 and try again.
**ERROR: (IMPIMEX-7023):	The file /home/raid7_2/userb08/b08189/final/apr/apr_final/DBS/powerroute.enc.dat/libs/mmmc/fsa0m_a_t33_generic_io_tt1p8v25c.lib inside the saved design directory was deleted. This is dangerous and can cause unexpected problems and crashes when reading the design or inside commands later in the flow. If you are just experimenting and/or debugging and accept the risks, you can set the Tcl global restore_db_file_check to 0 and try again.
**ERROR: (IMPIMEX-7023):	The file /home/raid7_2/userb08/b08189/final/apr/apr_final/DBS/powerroute.enc.dat/libs/mmmc/fsa0m_a_generic_core_ff1p98vm40c.lib inside the saved design directory was deleted. This is dangerous and can cause unexpected problems and crashes when reading the design or inside commands later in the flow. If you are just experimenting and/or debugging and accept the risks, you can set the Tcl global restore_db_file_check to 0 and try again.
**ERROR: (IMPIMEX-7023):	The file /home/raid7_2/userb08/b08189/final/apr/apr_final/DBS/powerroute.enc.dat/libs/mmmc/fsa0m_a_t33_generic_io_ff1p98vm40c.lib inside the saved design directory was deleted. This is dangerous and can cause unexpected problems and crashes when reading the design or inside commands later in the flow. If you are just experimenting and/or debugging and accept the risks, you can set the Tcl global restore_db_file_check to 0 and try again.


ERROR: 


    while executing
"error $catchMsg"
    (procedure "restoreDesign" line 31)

<CMD> encMessage warning 0
Suppress "**WARN ..." messages.
<CMD> encMessage debug 0
<CMD> encMessage info 0
**ERROR: (IMPIMEX-7024):	The file /home/raid7_2/userb08/b08189/final/apr/apr_final/DBS/powerroute.enc.dat/viewDefinition.tcl inside the saved design directory was modified. This is dangerous and can cause unexpected problems and crashes when reading the design or inside commands later in the flow. If you are just experimenting and/or debugging and accept the risks, you can set the Tcl global restore_db_file_check to 0 and try again.
**ERROR: (IMPIMEX-7024):	The file /home/raid7_2/userb08/b08189/final/apr/apr_final/DBS/powerroute.enc.dat/gui.pref.tcl inside the saved design directory was modified. This is dangerous and can cause unexpected problems and crashes when reading the design or inside commands later in the flow. If you are just experimenting and/or debugging and accept the risks, you can set the Tcl global restore_db_file_check to 0 and try again.
**ERROR: (IMPIMEX-7024):	The file /home/raid7_2/userb08/b08189/final/apr/apr_final/DBS/powerroute.enc.dat/CHIP.mode inside the saved design directory was modified. This is dangerous and can cause unexpected problems and crashes when reading the design or inside commands later in the flow. If you are just experimenting and/or debugging and accept the risks, you can set the Tcl global restore_db_file_check to 0 and try again.
**ERROR: (IMPIMEX-7024):	The file /home/raid7_2/userb08/b08189/final/apr/apr_final/DBS/powerroute.enc.dat/CHIP.init inside the saved design directory was modified. This is dangerous and can cause unexpected problems and crashes when reading the design or inside commands later in the flow. If you are just experimenting and/or debugging and accept the risks, you can set the Tcl global restore_db_file_check to 0 and try again.
**ERROR: (IMPIMEX-7024):	The file /home/raid7_2/userb08/b08189/final/apr/apr_final/DBS/powerroute.enc.dat/CHIP.globals inside the saved design directory was modified. This is dangerous and can cause unexpected problems and crashes when reading the design or inside commands later in the flow. If you are just experimenting and/or debugging and accept the risks, you can set the Tcl global restore_db_file_check to 0 and try again.
**ERROR: (IMPIMEX-7024):	The file /home/raid7_2/userb08/b08189/final/apr/apr_final/DBS/powerroute.enc.dat/CHIP_power_constraints.tcl inside the saved design directory was modified. This is dangerous and can cause unexpected problems and crashes when reading the design or inside commands later in the flow. If you are just experimenting and/or debugging and accept the risks, you can set the Tcl global restore_db_file_check to 0 and try again.
**ERROR: (IMPIMEX-7023):	The file /home/raid7_2/userb08/b08189/final/apr/apr_final/DBS/powerroute.enc.dat/libs/lef/header6_V55_20ka_cic.lef inside the saved design directory was deleted. This is dangerous and can cause unexpected problems and crashes when reading the design or inside commands later in the flow. If you are just experimenting and/or debugging and accept the risks, you can set the Tcl global restore_db_file_check to 0 and try again.
**ERROR: (IMPIMEX-7023):	The file /home/raid7_2/userb08/b08189/final/apr/apr_final/DBS/powerroute.enc.dat/libs/lef/fsa0m_a_generic_core.lef inside the saved design directory was deleted. This is dangerous and can cause unexpected problems and crashes when reading the design or inside commands later in the flow. If you are just experimenting and/or debugging and accept the risks, you can set the Tcl global restore_db_file_check to 0 and try again.
**ERROR: (IMPIMEX-7023):	The file /home/raid7_2/userb08/b08189/final/apr/apr_final/DBS/powerroute.enc.dat/libs/lef/FSA0M_A_GENERIC_CORE_ANT_V55.lef inside the saved design directory was deleted. This is dangerous and can cause unexpected problems and crashes when reading the design or inside commands later in the flow. If you are just experimenting and/or debugging and accept the risks, you can set the Tcl global restore_db_file_check to 0 and try again.
**ERROR: (IMPIMEX-7023):	The file /home/raid7_2/userb08/b08189/final/apr/apr_final/DBS/powerroute.enc.dat/libs/lef/fsa0m_a_t33_generic_io.lef inside the saved design directory was deleted. This is dangerous and can cause unexpected problems and crashes when reading the design or inside commands later in the flow. If you are just experimenting and/or debugging and accept the risks, you can set the Tcl global restore_db_file_check to 0 and try again.
**ERROR: (IMPIMEX-7023):	The file /home/raid7_2/userb08/b08189/final/apr/apr_final/DBS/powerroute.enc.dat/libs/lef/FSA0M_A_T33_GENERIC_IO_ANT_V55.lef inside the saved design directory was deleted. This is dangerous and can cause unexpected problems and crashes when reading the design or inside commands later in the flow. If you are just experimenting and/or debugging and accept the risks, you can set the Tcl global restore_db_file_check to 0 and try again.
**ERROR: (IMPIMEX-7023):	The file /home/raid7_2/userb08/b08189/final/apr/apr_final/DBS/powerroute.enc.dat/libs/lef/BONDPAD.lef inside the saved design directory was deleted. This is dangerous and can cause unexpected problems and crashes when reading the design or inside commands later in the flow. If you are just experimenting and/or debugging and accept the risks, you can set the Tcl global restore_db_file_check to 0 and try again.
**ERROR: (IMPIMEX-7023):	The file /home/raid7_2/userb08/b08189/final/apr/apr_final/DBS/powerroute.enc.dat/libs/mmmc/fsa0m_a_generic_core_tt1p8v25c.lib inside the saved design directory was deleted. This is dangerous and can cause unexpected problems and crashes when reading the design or inside commands later in the flow. If you are just experimenting and/or debugging and accept the risks, you can set the Tcl global restore_db_file_check to 0 and try again.
**ERROR: (IMPIMEX-7023):	The file /home/raid7_2/userb08/b08189/final/apr/apr_final/DBS/powerroute.enc.dat/libs/mmmc/fsa0m_a_t33_generic_io_tt1p8v25c.lib inside the saved design directory was deleted. This is dangerous and can cause unexpected problems and crashes when reading the design or inside commands later in the flow. If you are just experimenting and/or debugging and accept the risks, you can set the Tcl global restore_db_file_check to 0 and try again.
**ERROR: (IMPIMEX-7023):	The file /home/raid7_2/userb08/b08189/final/apr/apr_final/DBS/powerroute.enc.dat/libs/mmmc/fsa0m_a_generic_core_ff1p98vm40c.lib inside the saved design directory was deleted. This is dangerous and can cause unexpected problems and crashes when reading the design or inside commands later in the flow. If you are just experimenting and/or debugging and accept the risks, you can set the Tcl global restore_db_file_check to 0 and try again.
**ERROR: (IMPIMEX-7023):	The file /home/raid7_2/userb08/b08189/final/apr/apr_final/DBS/powerroute.enc.dat/libs/mmmc/fsa0m_a_t33_generic_io_ff1p98vm40c.lib inside the saved design directory was deleted. This is dangerous and can cause unexpected problems and crashes when reading the design or inside commands later in the flow. If you are just experimenting and/or debugging and accept the risks, you can set the Tcl global restore_db_file_check to 0 and try again.


ERROR: 


    while executing
"error $catchMsg"
    (procedure "restoreDesign" line 31)

<CMD> encMessage warning 0
Suppress "**WARN ..." messages.
<CMD> encMessage debug 0
<CMD> encMessage info 0
**ERROR: (IMPIMEX-7024):	The file /home/raid7_2/userb08/b08189/final/apr/apr_final/DBS/powerroute.enc.dat/viewDefinition.tcl inside the saved design directory was modified. This is dangerous and can cause unexpected problems and crashes when reading the design or inside commands later in the flow. If you are just experimenting and/or debugging and accept the risks, you can set the Tcl global restore_db_file_check to 0 and try again.
**ERROR: (IMPIMEX-7024):	The file /home/raid7_2/userb08/b08189/final/apr/apr_final/DBS/powerroute.enc.dat/gui.pref.tcl inside the saved design directory was modified. This is dangerous and can cause unexpected problems and crashes when reading the design or inside commands later in the flow. If you are just experimenting and/or debugging and accept the risks, you can set the Tcl global restore_db_file_check to 0 and try again.
**ERROR: (IMPIMEX-7024):	The file /home/raid7_2/userb08/b08189/final/apr/apr_final/DBS/powerroute.enc.dat/CHIP.mode inside the saved design directory was modified. This is dangerous and can cause unexpected problems and crashes when reading the design or inside commands later in the flow. If you are just experimenting and/or debugging and accept the risks, you can set the Tcl global restore_db_file_check to 0 and try again.
**ERROR: (IMPIMEX-7024):	The file /home/raid7_2/userb08/b08189/final/apr/apr_final/DBS/powerroute.enc.dat/CHIP.init inside the saved design directory was modified. This is dangerous and can cause unexpected problems and crashes when reading the design or inside commands later in the flow. If you are just experimenting and/or debugging and accept the risks, you can set the Tcl global restore_db_file_check to 0 and try again.
**ERROR: (IMPIMEX-7024):	The file /home/raid7_2/userb08/b08189/final/apr/apr_final/DBS/powerroute.enc.dat/CHIP.globals inside the saved design directory was modified. This is dangerous and can cause unexpected problems and crashes when reading the design or inside commands later in the flow. If you are just experimenting and/or debugging and accept the risks, you can set the Tcl global restore_db_file_check to 0 and try again.
**ERROR: (IMPIMEX-7024):	The file /home/raid7_2/userb08/b08189/final/apr/apr_final/DBS/powerroute.enc.dat/CHIP_power_constraints.tcl inside the saved design directory was modified. This is dangerous and can cause unexpected problems and crashes when reading the design or inside commands later in the flow. If you are just experimenting and/or debugging and accept the risks, you can set the Tcl global restore_db_file_check to 0 and try again.
**ERROR: (IMPIMEX-7023):	The file /home/raid7_2/userb08/b08189/final/apr/apr_final/DBS/powerroute.enc.dat/libs/lef/header6_V55_20ka_cic.lef inside the saved design directory was deleted. This is dangerous and can cause unexpected problems and crashes when reading the design or inside commands later in the flow. If you are just experimenting and/or debugging and accept the risks, you can set the Tcl global restore_db_file_check to 0 and try again.
**ERROR: (IMPIMEX-7023):	The file /home/raid7_2/userb08/b08189/final/apr/apr_final/DBS/powerroute.enc.dat/libs/lef/fsa0m_a_generic_core.lef inside the saved design directory was deleted. This is dangerous and can cause unexpected problems and crashes when reading the design or inside commands later in the flow. If you are just experimenting and/or debugging and accept the risks, you can set the Tcl global restore_db_file_check to 0 and try again.
**ERROR: (IMPIMEX-7023):	The file /home/raid7_2/userb08/b08189/final/apr/apr_final/DBS/powerroute.enc.dat/libs/lef/FSA0M_A_GENERIC_CORE_ANT_V55.lef inside the saved design directory was deleted. This is dangerous and can cause unexpected problems and crashes when reading the design or inside commands later in the flow. If you are just experimenting and/or debugging and accept the risks, you can set the Tcl global restore_db_file_check to 0 and try again.
**ERROR: (IMPIMEX-7023):	The file /home/raid7_2/userb08/b08189/final/apr/apr_final/DBS/powerroute.enc.dat/libs/lef/fsa0m_a_t33_generic_io.lef inside the saved design directory was deleted. This is dangerous and can cause unexpected problems and crashes when reading the design or inside commands later in the flow. If you are just experimenting and/or debugging and accept the risks, you can set the Tcl global restore_db_file_check to 0 and try again.
**ERROR: (IMPIMEX-7023):	The file /home/raid7_2/userb08/b08189/final/apr/apr_final/DBS/powerroute.enc.dat/libs/lef/FSA0M_A_T33_GENERIC_IO_ANT_V55.lef inside the saved design directory was deleted. This is dangerous and can cause unexpected problems and crashes when reading the design or inside commands later in the flow. If you are just experimenting and/or debugging and accept the risks, you can set the Tcl global restore_db_file_check to 0 and try again.
**ERROR: (IMPIMEX-7023):	The file /home/raid7_2/userb08/b08189/final/apr/apr_final/DBS/powerroute.enc.dat/libs/lef/BONDPAD.lef inside the saved design directory was deleted. This is dangerous and can cause unexpected problems and crashes when reading the design or inside commands later in the flow. If you are just experimenting and/or debugging and accept the risks, you can set the Tcl global restore_db_file_check to 0 and try again.
**ERROR: (IMPIMEX-7023):	The file /home/raid7_2/userb08/b08189/final/apr/apr_final/DBS/powerroute.enc.dat/libs/mmmc/fsa0m_a_generic_core_tt1p8v25c.lib inside the saved design directory was deleted. This is dangerous and can cause unexpected problems and crashes when reading the design or inside commands later in the flow. If you are just experimenting and/or debugging and accept the risks, you can set the Tcl global restore_db_file_check to 0 and try again.
**ERROR: (IMPIMEX-7023):	The file /home/raid7_2/userb08/b08189/final/apr/apr_final/DBS/powerroute.enc.dat/libs/mmmc/fsa0m_a_t33_generic_io_tt1p8v25c.lib inside the saved design directory was deleted. This is dangerous and can cause unexpected problems and crashes when reading the design or inside commands later in the flow. If you are just experimenting and/or debugging and accept the risks, you can set the Tcl global restore_db_file_check to 0 and try again.
**ERROR: (IMPIMEX-7023):	The file /home/raid7_2/userb08/b08189/final/apr/apr_final/DBS/powerroute.enc.dat/libs/mmmc/fsa0m_a_generic_core_ff1p98vm40c.lib inside the saved design directory was deleted. This is dangerous and can cause unexpected problems and crashes when reading the design or inside commands later in the flow. If you are just experimenting and/or debugging and accept the risks, you can set the Tcl global restore_db_file_check to 0 and try again.
**ERROR: (IMPIMEX-7023):	The file /home/raid7_2/userb08/b08189/final/apr/apr_final/DBS/powerroute.enc.dat/libs/mmmc/fsa0m_a_t33_generic_io_ff1p98vm40c.lib inside the saved design directory was deleted. This is dangerous and can cause unexpected problems and crashes when reading the design or inside commands later in the flow. If you are just experimenting and/or debugging and accept the risks, you can set the Tcl global restore_db_file_check to 0 and try again.


ERROR: 


    while executing
"error $catchMsg"
    (procedure "restoreDesign" line 31)

<CMD> encMessage warning 0
Suppress "**WARN ..." messages.
<CMD> encMessage debug 0
<CMD> encMessage info 0
**ERROR: (IMPIMEX-7024):	The file /home/raid7_2/userb08/b08189/final/apr/apr_final/DBS/powerroute.enc.dat/viewDefinition.tcl inside the saved design directory was modified. This is dangerous and can cause unexpected problems and crashes when reading the design or inside commands later in the flow. If you are just experimenting and/or debugging and accept the risks, you can set the Tcl global restore_db_file_check to 0 and try again.
**ERROR: (IMPIMEX-7024):	The file /home/raid7_2/userb08/b08189/final/apr/apr_final/DBS/powerroute.enc.dat/gui.pref.tcl inside the saved design directory was modified. This is dangerous and can cause unexpected problems and crashes when reading the design or inside commands later in the flow. If you are just experimenting and/or debugging and accept the risks, you can set the Tcl global restore_db_file_check to 0 and try again.
**ERROR: (IMPIMEX-7024):	The file /home/raid7_2/userb08/b08189/final/apr/apr_final/DBS/powerroute.enc.dat/CHIP.mode inside the saved design directory was modified. This is dangerous and can cause unexpected problems and crashes when reading the design or inside commands later in the flow. If you are just experimenting and/or debugging and accept the risks, you can set the Tcl global restore_db_file_check to 0 and try again.
**ERROR: (IMPIMEX-7024):	The file /home/raid7_2/userb08/b08189/final/apr/apr_final/DBS/powerroute.enc.dat/CHIP.init inside the saved design directory was modified. This is dangerous and can cause unexpected problems and crashes when reading the design or inside commands later in the flow. If you are just experimenting and/or debugging and accept the risks, you can set the Tcl global restore_db_file_check to 0 and try again.
**ERROR: (IMPIMEX-7024):	The file /home/raid7_2/userb08/b08189/final/apr/apr_final/DBS/powerroute.enc.dat/CHIP.globals inside the saved design directory was modified. This is dangerous and can cause unexpected problems and crashes when reading the design or inside commands later in the flow. If you are just experimenting and/or debugging and accept the risks, you can set the Tcl global restore_db_file_check to 0 and try again.
**ERROR: (IMPIMEX-7024):	The file /home/raid7_2/userb08/b08189/final/apr/apr_final/DBS/powerroute.enc.dat/CHIP_power_constraints.tcl inside the saved design directory was modified. This is dangerous and can cause unexpected problems and crashes when reading the design or inside commands later in the flow. If you are just experimenting and/or debugging and accept the risks, you can set the Tcl global restore_db_file_check to 0 and try again.
**ERROR: (IMPIMEX-7023):	The file /home/raid7_2/userb08/b08189/final/apr/apr_final/DBS/powerroute.enc.dat/libs/lef/header6_V55_20ka_cic.lef inside the saved design directory was deleted. This is dangerous and can cause unexpected problems and crashes when reading the design or inside commands later in the flow. If you are just experimenting and/or debugging and accept the risks, you can set the Tcl global restore_db_file_check to 0 and try again.
**ERROR: (IMPIMEX-7023):	The file /home/raid7_2/userb08/b08189/final/apr/apr_final/DBS/powerroute.enc.dat/libs/lef/fsa0m_a_generic_core.lef inside the saved design directory was deleted. This is dangerous and can cause unexpected problems and crashes when reading the design or inside commands later in the flow. If you are just experimenting and/or debugging and accept the risks, you can set the Tcl global restore_db_file_check to 0 and try again.
**ERROR: (IMPIMEX-7023):	The file /home/raid7_2/userb08/b08189/final/apr/apr_final/DBS/powerroute.enc.dat/libs/lef/FSA0M_A_GENERIC_CORE_ANT_V55.lef inside the saved design directory was deleted. This is dangerous and can cause unexpected problems and crashes when reading the design or inside commands later in the flow. If you are just experimenting and/or debugging and accept the risks, you can set the Tcl global restore_db_file_check to 0 and try again.
**ERROR: (IMPIMEX-7023):	The file /home/raid7_2/userb08/b08189/final/apr/apr_final/DBS/powerroute.enc.dat/libs/lef/fsa0m_a_t33_generic_io.lef inside the saved design directory was deleted. This is dangerous and can cause unexpected problems and crashes when reading the design or inside commands later in the flow. If you are just experimenting and/or debugging and accept the risks, you can set the Tcl global restore_db_file_check to 0 and try again.
**ERROR: (IMPIMEX-7023):	The file /home/raid7_2/userb08/b08189/final/apr/apr_final/DBS/powerroute.enc.dat/libs/lef/FSA0M_A_T33_GENERIC_IO_ANT_V55.lef inside the saved design directory was deleted. This is dangerous and can cause unexpected problems and crashes when reading the design or inside commands later in the flow. If you are just experimenting and/or debugging and accept the risks, you can set the Tcl global restore_db_file_check to 0 and try again.
**ERROR: (IMPIMEX-7023):	The file /home/raid7_2/userb08/b08189/final/apr/apr_final/DBS/powerroute.enc.dat/libs/lef/BONDPAD.lef inside the saved design directory was deleted. This is dangerous and can cause unexpected problems and crashes when reading the design or inside commands later in the flow. If you are just experimenting and/or debugging and accept the risks, you can set the Tcl global restore_db_file_check to 0 and try again.
**ERROR: (IMPIMEX-7023):	The file /home/raid7_2/userb08/b08189/final/apr/apr_final/DBS/powerroute.enc.dat/libs/mmmc/fsa0m_a_generic_core_tt1p8v25c.lib inside the saved design directory was deleted. This is dangerous and can cause unexpected problems and crashes when reading the design or inside commands later in the flow. If you are just experimenting and/or debugging and accept the risks, you can set the Tcl global restore_db_file_check to 0 and try again.
**ERROR: (IMPIMEX-7023):	The file /home/raid7_2/userb08/b08189/final/apr/apr_final/DBS/powerroute.enc.dat/libs/mmmc/fsa0m_a_t33_generic_io_tt1p8v25c.lib inside the saved design directory was deleted. This is dangerous and can cause unexpected problems and crashes when reading the design or inside commands later in the flow. If you are just experimenting and/or debugging and accept the risks, you can set the Tcl global restore_db_file_check to 0 and try again.
**ERROR: (IMPIMEX-7023):	The file /home/raid7_2/userb08/b08189/final/apr/apr_final/DBS/powerroute.enc.dat/libs/mmmc/fsa0m_a_generic_core_ff1p98vm40c.lib inside the saved design directory was deleted. This is dangerous and can cause unexpected problems and crashes when reading the design or inside commands later in the flow. If you are just experimenting and/or debugging and accept the risks, you can set the Tcl global restore_db_file_check to 0 and try again.
**ERROR: (IMPIMEX-7023):	The file /home/raid7_2/userb08/b08189/final/apr/apr_final/DBS/powerroute.enc.dat/libs/mmmc/fsa0m_a_t33_generic_io_ff1p98vm40c.lib inside the saved design directory was deleted. This is dangerous and can cause unexpected problems and crashes when reading the design or inside commands later in the flow. If you are just experimenting and/or debugging and accept the risks, you can set the Tcl global restore_db_file_check to 0 and try again.


ERROR: 


    while executing
"error $catchMsg"
    (procedure "restoreDesign" line 31)

<CMD> encMessage warning 0
Suppress "**WARN ..." messages.
<CMD> encMessage debug 0
<CMD> encMessage info 0
**ERROR: (IMPIMEX-7024):	The file /home/raid7_2/userb08/b08189/final/apr/apr_final/DBS/placement.enc.dat/viewDefinition.tcl inside the saved design directory was modified. This is dangerous and can cause unexpected problems and crashes when reading the design or inside commands later in the flow. If you are just experimenting and/or debugging and accept the risks, you can set the Tcl global restore_db_file_check to 0 and try again.
**ERROR: (IMPIMEX-7024):	The file /home/raid7_2/userb08/b08189/final/apr/apr_final/DBS/placement.enc.dat/scheduling_file.cts inside the saved design directory was modified. This is dangerous and can cause unexpected problems and crashes when reading the design or inside commands later in the flow. If you are just experimenting and/or debugging and accept the risks, you can set the Tcl global restore_db_file_check to 0 and try again.
**ERROR: (IMPIMEX-7024):	The file /home/raid7_2/userb08/b08189/final/apr/apr_final/DBS/placement.enc.dat/gui.pref.tcl inside the saved design directory was modified. This is dangerous and can cause unexpected problems and crashes when reading the design or inside commands later in the flow. If you are just experimenting and/or debugging and accept the risks, you can set the Tcl global restore_db_file_check to 0 and try again.
**ERROR: (IMPIMEX-7024):	The file /home/raid7_2/userb08/b08189/final/apr/apr_final/DBS/placement.enc.dat/CHIP.mode inside the saved design directory was modified. This is dangerous and can cause unexpected problems and crashes when reading the design or inside commands later in the flow. If you are just experimenting and/or debugging and accept the risks, you can set the Tcl global restore_db_file_check to 0 and try again.
**ERROR: (IMPIMEX-7024):	The file /home/raid7_2/userb08/b08189/final/apr/apr_final/DBS/placement.enc.dat/CHIP.init inside the saved design directory was modified. This is dangerous and can cause unexpected problems and crashes when reading the design or inside commands later in the flow. If you are just experimenting and/or debugging and accept the risks, you can set the Tcl global restore_db_file_check to 0 and try again.
**ERROR: (IMPIMEX-7024):	The file /home/raid7_2/userb08/b08189/final/apr/apr_final/DBS/placement.enc.dat/CHIP.globals inside the saved design directory was modified. This is dangerous and can cause unexpected problems and crashes when reading the design or inside commands later in the flow. If you are just experimenting and/or debugging and accept the risks, you can set the Tcl global restore_db_file_check to 0 and try again.
**ERROR: (IMPIMEX-7024):	The file /home/raid7_2/userb08/b08189/final/apr/apr_final/DBS/placement.enc.dat/CHIP_power_constraints.tcl inside the saved design directory was modified. This is dangerous and can cause unexpected problems and crashes when reading the design or inside commands later in the flow. If you are just experimenting and/or debugging and accept the risks, you can set the Tcl global restore_db_file_check to 0 and try again.
**ERROR: (IMPIMEX-7023):	The file /home/raid7_2/userb08/b08189/final/apr/apr_final/DBS/placement.enc.dat/libs/lef/header6_V55_20ka_cic.lef inside the saved design directory was deleted. This is dangerous and can cause unexpected problems and crashes when reading the design or inside commands later in the flow. If you are just experimenting and/or debugging and accept the risks, you can set the Tcl global restore_db_file_check to 0 and try again.
**ERROR: (IMPIMEX-7023):	The file /home/raid7_2/userb08/b08189/final/apr/apr_final/DBS/placement.enc.dat/libs/lef/fsa0m_a_generic_core.lef inside the saved design directory was deleted. This is dangerous and can cause unexpected problems and crashes when reading the design or inside commands later in the flow. If you are just experimenting and/or debugging and accept the risks, you can set the Tcl global restore_db_file_check to 0 and try again.
**ERROR: (IMPIMEX-7023):	The file /home/raid7_2/userb08/b08189/final/apr/apr_final/DBS/placement.enc.dat/libs/lef/FSA0M_A_GENERIC_CORE_ANT_V55.lef inside the saved design directory was deleted. This is dangerous and can cause unexpected problems and crashes when reading the design or inside commands later in the flow. If you are just experimenting and/or debugging and accept the risks, you can set the Tcl global restore_db_file_check to 0 and try again.
**ERROR: (IMPIMEX-7023):	The file /home/raid7_2/userb08/b08189/final/apr/apr_final/DBS/placement.enc.dat/libs/lef/fsa0m_a_t33_generic_io.lef inside the saved design directory was deleted. This is dangerous and can cause unexpected problems and crashes when reading the design or inside commands later in the flow. If you are just experimenting and/or debugging and accept the risks, you can set the Tcl global restore_db_file_check to 0 and try again.
**ERROR: (IMPIMEX-7023):	The file /home/raid7_2/userb08/b08189/final/apr/apr_final/DBS/placement.enc.dat/libs/lef/FSA0M_A_T33_GENERIC_IO_ANT_V55.lef inside the saved design directory was deleted. This is dangerous and can cause unexpected problems and crashes when reading the design or inside commands later in the flow. If you are just experimenting and/or debugging and accept the risks, you can set the Tcl global restore_db_file_check to 0 and try again.
**ERROR: (IMPIMEX-7023):	The file /home/raid7_2/userb08/b08189/final/apr/apr_final/DBS/placement.enc.dat/libs/lef/BONDPAD.lef inside the saved design directory was deleted. This is dangerous and can cause unexpected problems and crashes when reading the design or inside commands later in the flow. If you are just experimenting and/or debugging and accept the risks, you can set the Tcl global restore_db_file_check to 0 and try again.
**ERROR: (IMPIMEX-7023):	The file /home/raid7_2/userb08/b08189/final/apr/apr_final/DBS/placement.enc.dat/libs/mmmc/fsa0m_a_generic_core_tt1p8v25c.lib inside the saved design directory was deleted. This is dangerous and can cause unexpected problems and crashes when reading the design or inside commands later in the flow. If you are just experimenting and/or debugging and accept the risks, you can set the Tcl global restore_db_file_check to 0 and try again.
**ERROR: (IMPIMEX-7023):	The file /home/raid7_2/userb08/b08189/final/apr/apr_final/DBS/placement.enc.dat/libs/mmmc/fsa0m_a_t33_generic_io_tt1p8v25c.lib inside the saved design directory was deleted. This is dangerous and can cause unexpected problems and crashes when reading the design or inside commands later in the flow. If you are just experimenting and/or debugging and accept the risks, you can set the Tcl global restore_db_file_check to 0 and try again.
**ERROR: (IMPIMEX-7023):	The file /home/raid7_2/userb08/b08189/final/apr/apr_final/DBS/placement.enc.dat/libs/mmmc/fsa0m_a_generic_core_ff1p98vm40c.lib inside the saved design directory was deleted. This is dangerous and can cause unexpected problems and crashes when reading the design or inside commands later in the flow. If you are just experimenting and/or debugging and accept the risks, you can set the Tcl global restore_db_file_check to 0 and try again.
**ERROR: (IMPIMEX-7023):	The file /home/raid7_2/userb08/b08189/final/apr/apr_final/DBS/placement.enc.dat/libs/mmmc/fsa0m_a_t33_generic_io_ff1p98vm40c.lib inside the saved design directory was deleted. This is dangerous and can cause unexpected problems and crashes when reading the design or inside commands later in the flow. If you are just experimenting and/or debugging and accept the risks, you can set the Tcl global restore_db_file_check to 0 and try again.
**ERROR: (IMPIMEX-7023):	The file /home/raid7_2/userb08/b08189/final/apr/apr_final/DBS/placement.enc.dat/libs/mmmc/fsa0m_a_generic_core_ss1p62v125c.lib inside the saved design directory was deleted. This is dangerous and can cause unexpected problems and crashes when reading the design or inside commands later in the flow. If you are just experimenting and/or debugging and accept the risks, you can set the Tcl global restore_db_file_check to 0 and try again.
**ERROR: (IMPIMEX-7023):	The file /home/raid7_2/userb08/b08189/final/apr/apr_final/DBS/placement.enc.dat/libs/mmmc/fsa0m_a_t33_generic_io_ss1p62v125c.lib inside the saved design directory was deleted. This is dangerous and can cause unexpected problems and crashes when reading the design or inside commands later in the flow. If you are just experimenting and/or debugging and accept the risks, you can set the Tcl global restore_db_file_check to 0 and try again.


ERROR: 


    while executing
"error $catchMsg"
    (procedure "restoreDesign" line 31)

<CMD> encMessage warning 0
Suppress "**WARN ..." messages.
<CMD> encMessage debug 0
<CMD> encMessage info 0
**ERROR: (IMPIMEX-7024):	The file /home/raid7_2/userb08/b08189/final/apr/apr_final/DBS/placement.enc.dat/viewDefinition.tcl inside the saved design directory was modified. This is dangerous and can cause unexpected problems and crashes when reading the design or inside commands later in the flow. If you are just experimenting and/or debugging and accept the risks, you can set the Tcl global restore_db_file_check to 0 and try again.
**ERROR: (IMPIMEX-7024):	The file /home/raid7_2/userb08/b08189/final/apr/apr_final/DBS/placement.enc.dat/scheduling_file.cts inside the saved design directory was modified. This is dangerous and can cause unexpected problems and crashes when reading the design or inside commands later in the flow. If you are just experimenting and/or debugging and accept the risks, you can set the Tcl global restore_db_file_check to 0 and try again.
**ERROR: (IMPIMEX-7024):	The file /home/raid7_2/userb08/b08189/final/apr/apr_final/DBS/placement.enc.dat/gui.pref.tcl inside the saved design directory was modified. This is dangerous and can cause unexpected problems and crashes when reading the design or inside commands later in the flow. If you are just experimenting and/or debugging and accept the risks, you can set the Tcl global restore_db_file_check to 0 and try again.
**ERROR: (IMPIMEX-7024):	The file /home/raid7_2/userb08/b08189/final/apr/apr_final/DBS/placement.enc.dat/CHIP.mode inside the saved design directory was modified. This is dangerous and can cause unexpected problems and crashes when reading the design or inside commands later in the flow. If you are just experimenting and/or debugging and accept the risks, you can set the Tcl global restore_db_file_check to 0 and try again.
**ERROR: (IMPIMEX-7024):	The file /home/raid7_2/userb08/b08189/final/apr/apr_final/DBS/placement.enc.dat/CHIP.init inside the saved design directory was modified. This is dangerous and can cause unexpected problems and crashes when reading the design or inside commands later in the flow. If you are just experimenting and/or debugging and accept the risks, you can set the Tcl global restore_db_file_check to 0 and try again.
**ERROR: (IMPIMEX-7024):	The file /home/raid7_2/userb08/b08189/final/apr/apr_final/DBS/placement.enc.dat/CHIP.globals inside the saved design directory was modified. This is dangerous and can cause unexpected problems and crashes when reading the design or inside commands later in the flow. If you are just experimenting and/or debugging and accept the risks, you can set the Tcl global restore_db_file_check to 0 and try again.
**ERROR: (IMPIMEX-7024):	The file /home/raid7_2/userb08/b08189/final/apr/apr_final/DBS/placement.enc.dat/CHIP_power_constraints.tcl inside the saved design directory was modified. This is dangerous and can cause unexpected problems and crashes when reading the design or inside commands later in the flow. If you are just experimenting and/or debugging and accept the risks, you can set the Tcl global restore_db_file_check to 0 and try again.
**ERROR: (IMPIMEX-7023):	The file /home/raid7_2/userb08/b08189/final/apr/apr_final/DBS/placement.enc.dat/libs/lef/header6_V55_20ka_cic.lef inside the saved design directory was deleted. This is dangerous and can cause unexpected problems and crashes when reading the design or inside commands later in the flow. If you are just experimenting and/or debugging and accept the risks, you can set the Tcl global restore_db_file_check to 0 and try again.
**ERROR: (IMPIMEX-7023):	The file /home/raid7_2/userb08/b08189/final/apr/apr_final/DBS/placement.enc.dat/libs/lef/fsa0m_a_generic_core.lef inside the saved design directory was deleted. This is dangerous and can cause unexpected problems and crashes when reading the design or inside commands later in the flow. If you are just experimenting and/or debugging and accept the risks, you can set the Tcl global restore_db_file_check to 0 and try again.
**ERROR: (IMPIMEX-7023):	The file /home/raid7_2/userb08/b08189/final/apr/apr_final/DBS/placement.enc.dat/libs/lef/FSA0M_A_GENERIC_CORE_ANT_V55.lef inside the saved design directory was deleted. This is dangerous and can cause unexpected problems and crashes when reading the design or inside commands later in the flow. If you are just experimenting and/or debugging and accept the risks, you can set the Tcl global restore_db_file_check to 0 and try again.
**ERROR: (IMPIMEX-7023):	The file /home/raid7_2/userb08/b08189/final/apr/apr_final/DBS/placement.enc.dat/libs/lef/fsa0m_a_t33_generic_io.lef inside the saved design directory was deleted. This is dangerous and can cause unexpected problems and crashes when reading the design or inside commands later in the flow. If you are just experimenting and/or debugging and accept the risks, you can set the Tcl global restore_db_file_check to 0 and try again.
**ERROR: (IMPIMEX-7023):	The file /home/raid7_2/userb08/b08189/final/apr/apr_final/DBS/placement.enc.dat/libs/lef/FSA0M_A_T33_GENERIC_IO_ANT_V55.lef inside the saved design directory was deleted. This is dangerous and can cause unexpected problems and crashes when reading the design or inside commands later in the flow. If you are just experimenting and/or debugging and accept the risks, you can set the Tcl global restore_db_file_check to 0 and try again.
**ERROR: (IMPIMEX-7023):	The file /home/raid7_2/userb08/b08189/final/apr/apr_final/DBS/placement.enc.dat/libs/lef/BONDPAD.lef inside the saved design directory was deleted. This is dangerous and can cause unexpected problems and crashes when reading the design or inside commands later in the flow. If you are just experimenting and/or debugging and accept the risks, you can set the Tcl global restore_db_file_check to 0 and try again.
**ERROR: (IMPIMEX-7023):	The file /home/raid7_2/userb08/b08189/final/apr/apr_final/DBS/placement.enc.dat/libs/mmmc/fsa0m_a_generic_core_tt1p8v25c.lib inside the saved design directory was deleted. This is dangerous and can cause unexpected problems and crashes when reading the design or inside commands later in the flow. If you are just experimenting and/or debugging and accept the risks, you can set the Tcl global restore_db_file_check to 0 and try again.
**ERROR: (IMPIMEX-7023):	The file /home/raid7_2/userb08/b08189/final/apr/apr_final/DBS/placement.enc.dat/libs/mmmc/fsa0m_a_t33_generic_io_tt1p8v25c.lib inside the saved design directory was deleted. This is dangerous and can cause unexpected problems and crashes when reading the design or inside commands later in the flow. If you are just experimenting and/or debugging and accept the risks, you can set the Tcl global restore_db_file_check to 0 and try again.
**ERROR: (IMPIMEX-7023):	The file /home/raid7_2/userb08/b08189/final/apr/apr_final/DBS/placement.enc.dat/libs/mmmc/fsa0m_a_generic_core_ff1p98vm40c.lib inside the saved design directory was deleted. This is dangerous and can cause unexpected problems and crashes when reading the design or inside commands later in the flow. If you are just experimenting and/or debugging and accept the risks, you can set the Tcl global restore_db_file_check to 0 and try again.
**ERROR: (IMPIMEX-7023):	The file /home/raid7_2/userb08/b08189/final/apr/apr_final/DBS/placement.enc.dat/libs/mmmc/fsa0m_a_t33_generic_io_ff1p98vm40c.lib inside the saved design directory was deleted. This is dangerous and can cause unexpected problems and crashes when reading the design or inside commands later in the flow. If you are just experimenting and/or debugging and accept the risks, you can set the Tcl global restore_db_file_check to 0 and try again.
**ERROR: (IMPIMEX-7023):	The file /home/raid7_2/userb08/b08189/final/apr/apr_final/DBS/placement.enc.dat/libs/mmmc/fsa0m_a_generic_core_ss1p62v125c.lib inside the saved design directory was deleted. This is dangerous and can cause unexpected problems and crashes when reading the design or inside commands later in the flow. If you are just experimenting and/or debugging and accept the risks, you can set the Tcl global restore_db_file_check to 0 and try again.
**ERROR: (IMPIMEX-7023):	The file /home/raid7_2/userb08/b08189/final/apr/apr_final/DBS/placement.enc.dat/libs/mmmc/fsa0m_a_t33_generic_io_ss1p62v125c.lib inside the saved design directory was deleted. This is dangerous and can cause unexpected problems and crashes when reading the design or inside commands later in the flow. If you are just experimenting and/or debugging and accept the risks, you can set the Tcl global restore_db_file_check to 0 and try again.


ERROR: 


    while executing
"error $catchMsg"
    (procedure "restoreDesign" line 31)

<CMD> encMessage warning 0
Suppress "**WARN ..." messages.
<CMD> encMessage debug 0
<CMD> encMessage info 0
**ERROR: (IMPIMEX-7024):	The file /home/raid7_2/userb08/b08189/final/apr/apr_final/DBS/powerroute.enc.dat/viewDefinition.tcl inside the saved design directory was modified. This is dangerous and can cause unexpected problems and crashes when reading the design or inside commands later in the flow. If you are just experimenting and/or debugging and accept the risks, you can set the Tcl global restore_db_file_check to 0 and try again.
**ERROR: (IMPIMEX-7024):	The file /home/raid7_2/userb08/b08189/final/apr/apr_final/DBS/powerroute.enc.dat/gui.pref.tcl inside the saved design directory was modified. This is dangerous and can cause unexpected problems and crashes when reading the design or inside commands later in the flow. If you are just experimenting and/or debugging and accept the risks, you can set the Tcl global restore_db_file_check to 0 and try again.
**ERROR: (IMPIMEX-7024):	The file /home/raid7_2/userb08/b08189/final/apr/apr_final/DBS/powerroute.enc.dat/CHIP.mode inside the saved design directory was modified. This is dangerous and can cause unexpected problems and crashes when reading the design or inside commands later in the flow. If you are just experimenting and/or debugging and accept the risks, you can set the Tcl global restore_db_file_check to 0 and try again.
**ERROR: (IMPIMEX-7024):	The file /home/raid7_2/userb08/b08189/final/apr/apr_final/DBS/powerroute.enc.dat/CHIP.init inside the saved design directory was modified. This is dangerous and can cause unexpected problems and crashes when reading the design or inside commands later in the flow. If you are just experimenting and/or debugging and accept the risks, you can set the Tcl global restore_db_file_check to 0 and try again.
**ERROR: (IMPIMEX-7024):	The file /home/raid7_2/userb08/b08189/final/apr/apr_final/DBS/powerroute.enc.dat/CHIP.globals inside the saved design directory was modified. This is dangerous and can cause unexpected problems and crashes when reading the design or inside commands later in the flow. If you are just experimenting and/or debugging and accept the risks, you can set the Tcl global restore_db_file_check to 0 and try again.
**ERROR: (IMPIMEX-7024):	The file /home/raid7_2/userb08/b08189/final/apr/apr_final/DBS/powerroute.enc.dat/CHIP_power_constraints.tcl inside the saved design directory was modified. This is dangerous and can cause unexpected problems and crashes when reading the design or inside commands later in the flow. If you are just experimenting and/or debugging and accept the risks, you can set the Tcl global restore_db_file_check to 0 and try again.
**ERROR: (IMPIMEX-7023):	The file /home/raid7_2/userb08/b08189/final/apr/apr_final/DBS/powerroute.enc.dat/libs/lef/header6_V55_20ka_cic.lef inside the saved design directory was deleted. This is dangerous and can cause unexpected problems and crashes when reading the design or inside commands later in the flow. If you are just experimenting and/or debugging and accept the risks, you can set the Tcl global restore_db_file_check to 0 and try again.
**ERROR: (IMPIMEX-7023):	The file /home/raid7_2/userb08/b08189/final/apr/apr_final/DBS/powerroute.enc.dat/libs/lef/fsa0m_a_generic_core.lef inside the saved design directory was deleted. This is dangerous and can cause unexpected problems and crashes when reading the design or inside commands later in the flow. If you are just experimenting and/or debugging and accept the risks, you can set the Tcl global restore_db_file_check to 0 and try again.
**ERROR: (IMPIMEX-7023):	The file /home/raid7_2/userb08/b08189/final/apr/apr_final/DBS/powerroute.enc.dat/libs/lef/FSA0M_A_GENERIC_CORE_ANT_V55.lef inside the saved design directory was deleted. This is dangerous and can cause unexpected problems and crashes when reading the design or inside commands later in the flow. If you are just experimenting and/or debugging and accept the risks, you can set the Tcl global restore_db_file_check to 0 and try again.
**ERROR: (IMPIMEX-7023):	The file /home/raid7_2/userb08/b08189/final/apr/apr_final/DBS/powerroute.enc.dat/libs/lef/fsa0m_a_t33_generic_io.lef inside the saved design directory was deleted. This is dangerous and can cause unexpected problems and crashes when reading the design or inside commands later in the flow. If you are just experimenting and/or debugging and accept the risks, you can set the Tcl global restore_db_file_check to 0 and try again.
**ERROR: (IMPIMEX-7023):	The file /home/raid7_2/userb08/b08189/final/apr/apr_final/DBS/powerroute.enc.dat/libs/lef/FSA0M_A_T33_GENERIC_IO_ANT_V55.lef inside the saved design directory was deleted. This is dangerous and can cause unexpected problems and crashes when reading the design or inside commands later in the flow. If you are just experimenting and/or debugging and accept the risks, you can set the Tcl global restore_db_file_check to 0 and try again.
**ERROR: (IMPIMEX-7023):	The file /home/raid7_2/userb08/b08189/final/apr/apr_final/DBS/powerroute.enc.dat/libs/lef/BONDPAD.lef inside the saved design directory was deleted. This is dangerous and can cause unexpected problems and crashes when reading the design or inside commands later in the flow. If you are just experimenting and/or debugging and accept the risks, you can set the Tcl global restore_db_file_check to 0 and try again.
**ERROR: (IMPIMEX-7023):	The file /home/raid7_2/userb08/b08189/final/apr/apr_final/DBS/powerroute.enc.dat/libs/mmmc/fsa0m_a_generic_core_tt1p8v25c.lib inside the saved design directory was deleted. This is dangerous and can cause unexpected problems and crashes when reading the design or inside commands later in the flow. If you are just experimenting and/or debugging and accept the risks, you can set the Tcl global restore_db_file_check to 0 and try again.
**ERROR: (IMPIMEX-7023):	The file /home/raid7_2/userb08/b08189/final/apr/apr_final/DBS/powerroute.enc.dat/libs/mmmc/fsa0m_a_t33_generic_io_tt1p8v25c.lib inside the saved design directory was deleted. This is dangerous and can cause unexpected problems and crashes when reading the design or inside commands later in the flow. If you are just experimenting and/or debugging and accept the risks, you can set the Tcl global restore_db_file_check to 0 and try again.
**ERROR: (IMPIMEX-7023):	The file /home/raid7_2/userb08/b08189/final/apr/apr_final/DBS/powerroute.enc.dat/libs/mmmc/fsa0m_a_generic_core_ff1p98vm40c.lib inside the saved design directory was deleted. This is dangerous and can cause unexpected problems and crashes when reading the design or inside commands later in the flow. If you are just experimenting and/or debugging and accept the risks, you can set the Tcl global restore_db_file_check to 0 and try again.
**ERROR: (IMPIMEX-7023):	The file /home/raid7_2/userb08/b08189/final/apr/apr_final/DBS/powerroute.enc.dat/libs/mmmc/fsa0m_a_t33_generic_io_ff1p98vm40c.lib inside the saved design directory was deleted. This is dangerous and can cause unexpected problems and crashes when reading the design or inside commands later in the flow. If you are just experimenting and/or debugging and accept the risks, you can set the Tcl global restore_db_file_check to 0 and try again.


ERROR: 


    while executing
"error $catchMsg"
    (procedure "restoreDesign" line 31)

<CMD> setDrawView place
<CMD> setDrawView place
<CMD> setDrawView ameba
<CMD> setDrawView place
<CMD> zoomBox -0.03200 -0.00900 0.19600 0.09900
<CMD> zoomBox -0.10600 -0.03200 0.21000 0.11800
<CMD> zoomBox 0.01900 0.00700 0.18600 0.08600
<CMD> gui_select -rect {0.15400 0.04400 0.07400 0.06000}
<CMD> gui_select -rect {0.06000 0.07600 0.12200 0.03300}
<CMD> gui_select -rect {0.12200 0.03300 0.08700 0.05700}

*** Memory Usage v#1 (Current mem = 805.109M, initial mem = 268.250M) ***
*** Message Summary: 1 warning(s), 119 error(s)

--- Ending "Innovus" (totcpu=0:02:13, real=0:18:54, mem=805.1M) ---
