 
****************************************
Report : area
Design : Sobol
Version: R-2020.09-SP5
Date   : Thu May 12 11:28:33 2022
****************************************

Information: Updating design information... (UID-85)
Library(s) Used:

    fsa0m_a_generic_core_tt1p8v25c (File: /home/raid7_2/userb08/b08061/ICD_Lab/Final_Project/fsa0m_a_generic_core_tt1p8v25c.db)

Number of ports:                          168
Number of nets:                           801
Number of cells:                          672
Number of combinational cells:            613
Number of sequential cells:                56
Number of macros/black boxes:               0
Number of buf/inv:                        136
Number of references:                       4

Combinational area:               8774.438338
Buf/Inv area:                      956.188790
Noncombinational area:            3474.777588
Macro/Black Box area:                0.000000
Net Interconnect area:      undefined  (Wire load has zero net area)

Total cell area:                 12249.215926
Total area:                 undefined
1
