 
****************************************
Report : area
Design : ICDF_LUT
Version: R-2020.09-SP5
Date   : Wed May 11 17:50:50 2022
****************************************

Information: Updating design information... (UID-85)
Library(s) Used:

    fsa0m_a_generic_core_tt1p8v25c (File: /home/raid7_2/userb08/b08061/ICD_Lab/Final_Project/fsa0m_a_generic_core_tt1p8v25c.db)

Number of ports:                           50
Number of nets:                           366
Number of cells:                          357
Number of combinational cells:            341
Number of sequential cells:                16
Number of macros/black boxes:               0
Number of buf/inv:                         43
Number of references:                      23

Combinational area:               4630.953595
Buf/Inv area:                      268.732797
Noncombinational area:            1099.929565
Macro/Black Box area:                0.000000
Net Interconnect area:      undefined  (Wire load has zero net area)

Total cell area:                  5730.883160
Total area:                 undefined
1
