 
****************************************
Report : area
Design : Path_Gen
Version: R-2020.09-SP5
Date   : Fri May 20 00:00:08 2022
****************************************

Information: Updating design information... (UID-85)
Library(s) Used:

    fsa0m_a_generic_core_tt1p8v25c (File: /home/raid7_2/userb08/b08061/ICD_Lab/Final_Project/fsa0m_a_generic_core_tt1p8v25c.db)

Number of ports:                          309
Number of nets:                          1150
Number of cells:                          681
Number of combinational cells:            632
Number of sequential cells:                43
Number of macros/black boxes:               0
Number of buf/inv:                        133
Number of references:                      20

Combinational area:              16780.176095
Buf/Inv area:                      906.191990
Noncombinational area:            2681.078384
Macro/Black Box area:                0.000000
Net Interconnect area:      undefined  (Wire load has zero net area)

Total cell area:                 19461.254479
Total area:                 undefined
1
