#! /c/Source/iverilog-install/bin/vvp
:ivl_version "12.0 (devel)" "(s20150603-1110-g18392a46)";
:ivl_delay_selection "TYPICAL";
:vpi_time_precision + 0;
:vpi_module "C:\iverilog\lib\ivl\system.vpi";
:vpi_module "C:\iverilog\lib\ivl\vhdl_sys.vpi";
:vpi_module "C:\iverilog\lib\ivl\vhdl_textio.vpi";
:vpi_module "C:\iverilog\lib\ivl\v2005_math.vpi";
:vpi_module "C:\iverilog\lib\ivl\va_math.vpi";
S_000002537c392ce0 .scope module, "ICDF_LUT" "ICDF_LUT" 2 1;
 .timescale 0 0;
    .port_info 0 /INPUT 1 "clk";
    .port_info 1 /INPUT 1 "rst_n";
    .port_info 2 /INPUT 32 "cdf";
    .port_info 3 /OUTPUT 13 "icdf";
P_000002537c4992a0 .param/l "LUT" 0 2 8, C4<1000000000000100000000000010000000000001000000000001100000000000110000000000011000000000010100000000001010000000000101000000000010100000000001110000000000111000000000011100000000010010000000001001000000000100100000000010110000000001011000000000101100000000011010000000001101000000000110100000000011110000000001111000000000111100000000100010000000010001000000001001100000000100110000000010011000000001010100000000101010000000010101000000001011100000000101110000000011001000000001100100000000110110000000011011000000001101100000000111010000000011101000000001111100000000111110000000100001000000010000100000001000110000000100101000000010010100000001001110000000101001000000010100100000001010110000000101101000000010111100000001100010000000110011000000011010100000001101110000000111001000000011110100000010000110000001001001000000101010>;
v000002537c3933b0_0 .net "GT05", 0 0, L_000002537c4152b0;  1 drivers
o000002537c3c9fc8 .functor BUFZ 32, C4<zzzzzzzzzzzzzzzzzzzzzzzzzzzzzzzz>; HiZ drive
v000002537c3c4f20_0 .net "cdf", 31 0, o000002537c3c9fc8;  0 drivers
o000002537c3c9ff8 .functor BUFZ 1, C4<z>; HiZ drive
v000002537c49a8a0_0 .net "clk", 0 0, o000002537c3c9ff8;  0 drivers
v000002537c415030_0 .var "icdf", 12 0;
v000002537c4150d0_0 .var "icdf_w", 13 0;
v000002537c415170_0 .net "index", 5 0, L_000002537c415350;  1 drivers
o000002537c3ca0b8 .functor BUFZ 1, C4<z>; HiZ drive
v000002537c415210_0 .net "rst_n", 0 0, o000002537c3ca0b8;  0 drivers
E_000002537c499aa0/0 .event negedge, v000002537c415210_0;
E_000002537c499aa0/1 .event posedge, v000002537c49a8a0_0;
E_000002537c499aa0 .event/or E_000002537c499aa0/0, E_000002537c499aa0/1;
E_000002537c499c20 .event anyedge, v000002537c3933b0_0, v000002537c415170_0;
L_000002537c4152b0 .part o000002537c3c9fc8, 31, 1;
L_000002537c415350 .part o000002537c3c9fc8, 25, 6;
    .scope S_000002537c392ce0;
T_0 ;
    %wait E_000002537c499c20;
    %load/vec4 v000002537c3933b0_0;
    %nor/r;
    %flag_set/vec4 8;
    %jmp/0xz  T_0.0, 8;
    %pushi/vec4 2147745824, 0, 32;
    %concati/vec4 2148270176, 0, 39;
    %concati/vec4 3221880912, 0, 38;
    %concati/vec4 2684682296, 0, 38;
    %concati/vec4 3758555208, 0, 39;
    %concati/vec4 2416214060, 0, 38;
    %concati/vec4 2953150516, 0, 39;
    %concati/vec4 3490086972, 0, 39;
    %concati/vec4 4027023428, 0, 39;
    %concati/vec4 2282012710, 0, 38;
    %concati/vec4 2550480938, 0, 39;
    %concati/vec4 2818949166, 0, 39;
    %concati/vec4 3355852854, 0, 39;
    %concati/vec4 3624321082, 0, 39;
    %concati/vec4 3892822078, 0, 39;
    %concati/vec4 2214862883, 0, 38;
    %concati/vec4 2483331111, 0, 39;
    %concati/vec4 2751799339, 0, 39;
    %concati/vec4 3020283953, 0, 39;
    %concati/vec4 3422986295, 0, 39;
    %concati/vec4 3825705027, 0, 39;
    %concati/vec4 299050, 0, 25;
    %load/vec4 v000002537c415170_0;
    %pad/u 32;
    %addi 1, 0, 32;
    %muli 13, 0, 32;
    %subi 1, 0, 32;
    %pad/u 34;
    %subi 12, 0, 34;
    %part/s 13;
    %pad/u 14;
    %store/vec4 v000002537c4150d0_0, 0, 14;
    %jmp T_0.1;
T_0.0 ;
    %pushi/vec4 0, 0, 1;
    %pushi/vec4 2147745824, 0, 32;
    %concati/vec4 2148270176, 0, 39;
    %concati/vec4 3221880912, 0, 38;
    %concati/vec4 2684682296, 0, 38;
    %concati/vec4 3758555208, 0, 39;
    %concati/vec4 2416214060, 0, 38;
    %concati/vec4 2953150516, 0, 39;
    %concati/vec4 3490086972, 0, 39;
    %concati/vec4 4027023428, 0, 39;
    %concati/vec4 2282012710, 0, 38;
    %concati/vec4 2550480938, 0, 39;
    %concati/vec4 2818949166, 0, 39;
    %concati/vec4 3355852854, 0, 39;
    %concati/vec4 3624321082, 0, 39;
    %concati/vec4 3892822078, 0, 39;
    %concati/vec4 2214862883, 0, 38;
    %concati/vec4 2483331111, 0, 39;
    %concati/vec4 2751799339, 0, 39;
    %concati/vec4 3020283953, 0, 39;
    %concati/vec4 3422986295, 0, 39;
    %concati/vec4 3825705027, 0, 39;
    %concati/vec4 299050, 0, 25;
    %pushi/vec4 63, 0, 32;
    %load/vec4 v000002537c415170_0;
    %pad/u 32;
    %sub;
    %addi 1, 0, 32;
    %muli 13, 0, 32;
    %subi 2, 0, 32;
    %pad/u 34;
    %subi 11, 0, 34;
    %part/s 12;
    %concat/vec4; draw_concat_vec4
    %pad/u 14;
    %store/vec4 v000002537c4150d0_0, 0, 14;
T_0.1 ;
    %jmp T_0;
    .thread T_0, $push;
    .scope S_000002537c392ce0;
T_1 ;
    %wait E_000002537c499aa0;
    %load/vec4 v000002537c415210_0;
    %nor/r;
    %flag_set/vec4 8;
    %jmp/0xz  T_1.0, 8;
    %pushi/vec4 0, 0, 13;
    %assign/vec4 v000002537c415030_0, 0;
    %jmp T_1.1;
T_1.0 ;
    %load/vec4 v000002537c4150d0_0;
    %pad/u 13;
    %assign/vec4 v000002537c415030_0, 0;
T_1.1 ;
    %jmp T_1;
    .thread T_1;
# The file index is used to find the file name in the following table.
:file_names 3;
    "N/A";
    "<interactive>";
    ".\ICDF_LUT.v";
