#! /c/Source/iverilog-install/bin/vvp
:ivl_version "12.0 (devel)" "(s20150603-1110-g18392a46)";
:ivl_delay_selection "TYPICAL";
:vpi_time_precision + 0;
:vpi_module "C:\iverilog\lib\ivl\system.vpi";
:vpi_module "C:\iverilog\lib\ivl\vhdl_sys.vpi";
:vpi_module "C:\iverilog\lib\ivl\vhdl_textio.vpi";
:vpi_module "C:\iverilog\lib\ivl\v2005_math.vpi";
:vpi_module "C:\iverilog\lib\ivl\va_math.vpi";
S_0000020592bd9fb0 .scope module, "Path_Gen" "Path_Gen" 2 1;
 .timescale 0 0;
    .port_info 0 /INPUT 1 "clk";
    .port_info 1 /INPUT 1 "rst_n";
    .port_info 2 /INPUT 12 "w";
    .port_info 3 /INPUT 12 "q";
    .port_info 4 /INPUT 12 "epsilon";
    .port_info 5 /INPUT 12 "S0";
    .port_info 6 /OUTPUT 1 "valid";
    .port_info 7 /OUTPUT 12 "path";
L_0000020592bfa770 .functor BUFZ 12, v0000020592c50980_0, C4<000000000000>, C4<000000000000>, C4<000000000000>;
o0000020592bfcda8 .functor BUFZ 12, C4<zzzzzzzzzzzz>; HiZ drive
v0000020592c50ac0_0 .net "S0", 11 0, o0000020592bfcda8;  0 drivers
L_0000020592fd0088 .functor BUFT 1, C4<000000000000>, C4<0>, C4<0>, C4<0>;
v0000020592c50a20_0 .net/2u *"_ivl_2", 11 0, L_0000020592fd0088;  1 drivers
o0000020592bfce08 .functor BUFZ 1, C4<z>; HiZ drive
v0000020592c51b00_0 .net "clk", 0 0, o0000020592bfce08;  0 drivers
v0000020592c51ec0_0 .var "day1", 0 0;
o0000020592bfcb08 .functor BUFZ 12, C4<zzzzzzzzzzzz>; HiZ drive
v0000020592c50d40_0 .net "epsilon", 11 0, o0000020592bfcb08;  0 drivers
v0000020592c50340_0 .var "out0_r", 11 0;
v0000020592c50de0_0 .net "out0_w", 11 0, L_0000020592c557c0;  1 drivers
v0000020592c50840_0 .var "out1_r", 11 0;
v0000020592c51ba0_0 .net "out1_w", 11 0, L_0000020592c54820;  1 drivers
v0000020592c51f60_0 .var "out2_r", 11 0;
v0000020592c52000_0 .net "out2_w", 11 0, L_0000020592c66de0;  1 drivers
v0000020592c50980_0 .var "out3_r", 11 0;
o0000020592bfcec8 .functor BUFZ 12, C4<zzzzzzzzzzzz>; HiZ drive
v0000020592c505c0_0 .net "out3_w", 11 0, o0000020592bfcec8;  0 drivers
v0000020592c50660_0 .net "path", 11 0, L_0000020592bfa770;  1 drivers
o0000020592bfbd28 .functor BUFZ 12, C4<zzzzzzzzzzzz>; HiZ drive
v0000020592c50700_0 .net "q", 11 0, o0000020592bfbd28;  0 drivers
o0000020592bfcf28 .functor BUFZ 1, C4<z>; HiZ drive
v0000020592c540a0_0 .net "rst_n", 0 0, o0000020592bfcf28;  0 drivers
v0000020592c545a0_0 .net "valid", 0 0, L_0000020592c54fa0;  1 drivers
o0000020592bfca18 .functor BUFZ 12, C4<zzzzzzzzzzzz>; HiZ drive
v0000020592c55180_0 .net "w", 11 0, o0000020592bfca18;  0 drivers
E_0000020592bf04e0/0 .event negedge, v0000020592c540a0_0;
E_0000020592bf04e0/1 .event posedge, v0000020592c51b00_0;
E_0000020592bf04e0 .event/or E_0000020592bf04e0/0, E_0000020592bf04e0/1;
L_0000020592c54fa0 .cmp/ne 12, v0000020592c50980_0, L_0000020592fd0088;
L_0000020592c662a0 .functor MUXZ 12, v0000020592c51f60_0, o0000020592bfcda8, v0000020592c51ec0_0, C4<>;
S_0000020592bda140 .scope module, "fp12_mult_out0_r_x_q" "FP12_MULT" 2 72, 3 5 0, S_0000020592bd9fb0;
 .timescale 0 0;
    .port_info 0 /INPUT 12 "in1";
    .port_info 1 /INPUT 12 "in2";
    .port_info 2 /OUTPUT 12 "out";
P_0000020592bda2d0 .param/l "IN1_BIAS" 0 3 9, +C4<00000000000000000000000000000111>;
P_0000020592bda308 .param/l "IN1_POINT" 0 3 6, +C4<00000000000000000000000000001000>;
P_0000020592bda340 .param/l "IN2_BIAS" 0 3 10, +C4<00000000000000000000000000000111>;
P_0000020592bda378 .param/l "IN2_POINT" 0 3 7, +C4<00000000000000000000000000001000>;
P_0000020592bda3b0 .param/l "N" 0 3 19, +C4<00000000000000000000000000001100>;
P_0000020592bda3e8 .param/l "OUT_BIAS" 0 3 11, +C4<00000000000000000000000000000111>;
P_0000020592bda420 .param/l "OUT_POINT" 0 3 8, +C4<00000000000000000000000000001000>;
v0000020592bebe20_0 .net *"_ivl_10", 31 0, L_0000020592c54000;  1 drivers
v0000020592bebb00_0 .net *"_ivl_14", 31 0, L_0000020592c55680;  1 drivers
L_0000020592fd0430 .functor BUFT 1, C4<0000000000000000000000000000>, C4<0>, C4<0>, C4<0>;
v0000020592bebf60_0 .net *"_ivl_17", 27 0, L_0000020592fd0430;  1 drivers
L_0000020592fd0478 .functor BUFT 1, C4<00000000000000000000000000000111>, C4<0>, C4<0>, C4<0>;
v0000020592bec960_0 .net/2u *"_ivl_18", 31 0, L_0000020592fd0478;  1 drivers
v0000020592beb100_0 .net *"_ivl_20", 31 0, L_0000020592c55b80;  1 drivers
v0000020592bec000_0 .net *"_ivl_24", 31 0, L_0000020592c55c20;  1 drivers
L_0000020592fd04c0 .functor BUFT 1, C4<0000000000000000000000000000>, C4<0>, C4<0>, C4<0>;
v0000020592beb740_0 .net *"_ivl_27", 27 0, L_0000020592fd04c0;  1 drivers
L_0000020592fd0508 .functor BUFT 1, C4<00000000000000000000000000000111>, C4<0>, C4<0>, C4<0>;
v0000020592beb7e0_0 .net/2u *"_ivl_28", 31 0, L_0000020592fd0508;  1 drivers
v0000020592bec3c0_0 .net *"_ivl_30", 31 0, L_0000020592c55720;  1 drivers
L_0000020592fd0550 .functor BUFT 1, C4<1>, C4<0>, C4<0>, C4<0>;
v0000020592beb880_0 .net/2u *"_ivl_38", 0 0, L_0000020592fd0550;  1 drivers
v0000020592bebc40_0 .net *"_ivl_4", 31 0, L_0000020592c54280;  1 drivers
L_0000020592fd0598 .functor BUFT 1, C4<1>, C4<0>, C4<0>, C4<0>;
v0000020592bec460_0 .net/2u *"_ivl_42", 0 0, L_0000020592fd0598;  1 drivers
v0000020592beb9c0_0 .net *"_ivl_50", 17 0, L_0000020592c552c0;  1 drivers
L_0000020592fd05e0 .functor BUFT 1, C4<000000000>, C4<0>, C4<0>, C4<0>;
v0000020592beba60_0 .net *"_ivl_53", 8 0, L_0000020592fd05e0;  1 drivers
v0000020592bec280_0 .net *"_ivl_54", 17 0, L_0000020592c54b40;  1 drivers
L_0000020592fd0628 .functor BUFT 1, C4<000000000>, C4<0>, C4<0>, C4<0>;
v0000020592bec500_0 .net *"_ivl_57", 8 0, L_0000020592fd0628;  1 drivers
L_0000020592fd03a0 .functor BUFT 1, C4<0000000000000000000000000000>, C4<0>, C4<0>, C4<0>;
v0000020592bec5a0_0 .net *"_ivl_7", 27 0, L_0000020592fd03a0;  1 drivers
L_0000020592fd03e8 .functor BUFT 1, C4<00000000000000000000000000000111>, C4<0>, C4<0>, C4<0>;
v0000020592c4f270_0 .net/2u *"_ivl_8", 31 0, L_0000020592fd03e8;  1 drivers
v0000020592c4dab0_0 .net "in1", 11 0, v0000020592c50340_0;  1 drivers
v0000020592c4f310_0 .net "in1_exp_biased", 3 0, L_0000020592c54c80;  1 drivers
v0000020592c4e7d0_0 .net "in1_exponent", 3 0, L_0000020592c54d20;  1 drivers
v0000020592c4e550_0 .net "in1_mantissa", 7 0, L_0000020592c55220;  1 drivers
v0000020592c4dc90_0 .net "in1_mantissa_pad1", 8 0, L_0000020592c53ec0;  1 drivers
v0000020592c4e870_0 .net "in2", 11 0, o0000020592bfbd28;  alias, 0 drivers
v0000020592c4f450_0 .net "in2_exp_biased", 3 0, L_0000020592c554a0;  1 drivers
v0000020592c4eb90_0 .net "in2_exponent", 3 0, L_0000020592c54140;  1 drivers
v0000020592c4db50_0 .net "in2_mantissa", 7 0, L_0000020592c55cc0;  1 drivers
v0000020592c4ef50_0 .net "in2_mantissa_pad1", 8 0, L_0000020592c54320;  1 drivers
v0000020592c4f6d0_0 .net "out", 11 0, L_0000020592c54820;  alias, 1 drivers
v0000020592c4e910_0 .net "out_exp_biased", 3 0, L_0000020592c54640;  1 drivers
v0000020592c4eff0_0 .var "out_exponent", 3 0;
v0000020592c4e190_0 .net "out_exponent_unshifted", 3 0, L_0000020592c54aa0;  1 drivers
v0000020592c4e9b0_0 .var "out_mantissa", 7 0;
v0000020592c4da10_0 .net "out_mantissa_unshifted", 17 0, L_0000020592c543c0;  1 drivers
E_0000020592bf02e0 .event anyedge, v0000020592c4da10_0, v0000020592c4e190_0;
L_0000020592c54c80 .part v0000020592c50340_0, 8, 4;
L_0000020592c554a0 .part o0000020592bfbd28, 8, 4;
L_0000020592c54280 .concat [ 4 28 0 0], L_0000020592c54c80, L_0000020592fd03a0;
L_0000020592c54000 .arith/sub 32, L_0000020592c54280, L_0000020592fd03e8;
L_0000020592c54d20 .part L_0000020592c54000, 0, 4;
L_0000020592c55680 .concat [ 4 28 0 0], L_0000020592c554a0, L_0000020592fd0430;
L_0000020592c55b80 .arith/sub 32, L_0000020592c55680, L_0000020592fd0478;
L_0000020592c54140 .part L_0000020592c55b80, 0, 4;
L_0000020592c55c20 .concat [ 4 28 0 0], v0000020592c4eff0_0, L_0000020592fd04c0;
L_0000020592c55720 .arith/sum 32, L_0000020592c55c20, L_0000020592fd0508;
L_0000020592c54640 .part L_0000020592c55720, 0, 4;
L_0000020592c55220 .part v0000020592c50340_0, 0, 8;
L_0000020592c55cc0 .part o0000020592bfbd28, 0, 8;
L_0000020592c53ec0 .concat [ 8 1 0 0], L_0000020592c55220, L_0000020592fd0550;
L_0000020592c54320 .concat [ 8 1 0 0], L_0000020592c55cc0, L_0000020592fd0598;
L_0000020592c54820 .concat [ 8 4 0 0], v0000020592c4e9b0_0, L_0000020592c54640;
L_0000020592c54aa0 .arith/sum 4, L_0000020592c54d20, L_0000020592c54140;
L_0000020592c552c0 .concat [ 9 9 0 0], L_0000020592c53ec0, L_0000020592fd05e0;
L_0000020592c54b40 .concat [ 9 9 0 0], L_0000020592c54320, L_0000020592fd0628;
L_0000020592c543c0 .arith/mult 18, L_0000020592c552c0, L_0000020592c54b40;
S_0000020592c4fbe0 .scope module, "fp12_mult_out1_r_x_mux" "FP12_MULT" 2 85, 3 5 0, S_0000020592bd9fb0;
 .timescale 0 0;
    .port_info 0 /INPUT 12 "in1";
    .port_info 1 /INPUT 12 "in2";
    .port_info 2 /OUTPUT 12 "out";
P_0000020592c4fd70 .param/l "IN1_BIAS" 0 3 9, +C4<00000000000000000000000000000111>;
P_0000020592c4fda8 .param/l "IN1_POINT" 0 3 6, +C4<00000000000000000000000000001000>;
P_0000020592c4fde0 .param/l "IN2_BIAS" 0 3 10, +C4<00000000000000000000000000000111>;
P_0000020592c4fe18 .param/l "IN2_POINT" 0 3 7, +C4<00000000000000000000000000001000>;
P_0000020592c4fe50 .param/l "N" 0 3 19, +C4<00000000000000000000000000001100>;
P_0000020592c4fe88 .param/l "OUT_BIAS" 0 3 11, +C4<00000000000000000000000000000111>;
P_0000020592c4fec0 .param/l "OUT_POINT" 0 3 8, +C4<00000000000000000000000000001000>;
v0000020592c4ddd0_0 .net *"_ivl_10", 31 0, L_0000020592c548c0;  1 drivers
v0000020592c4dd30_0 .net *"_ivl_14", 31 0, L_0000020592c55400;  1 drivers
L_0000020592fd0700 .functor BUFT 1, C4<0000000000000000000000000000>, C4<0>, C4<0>, C4<0>;
v0000020592c4e230_0 .net *"_ivl_17", 27 0, L_0000020592fd0700;  1 drivers
L_0000020592fd0748 .functor BUFT 1, C4<00000000000000000000000000000111>, C4<0>, C4<0>, C4<0>;
v0000020592c4ea50_0 .net/2u *"_ivl_18", 31 0, L_0000020592fd0748;  1 drivers
v0000020592c4e2d0_0 .net *"_ivl_20", 31 0, L_0000020592c67b00;  1 drivers
v0000020592c4e370_0 .net *"_ivl_24", 31 0, L_0000020592c66700;  1 drivers
L_0000020592fd0790 .functor BUFT 1, C4<0000000000000000000000000000>, C4<0>, C4<0>, C4<0>;
v0000020592c4eeb0_0 .net *"_ivl_27", 27 0, L_0000020592fd0790;  1 drivers
L_0000020592fd07d8 .functor BUFT 1, C4<00000000000000000000000000000111>, C4<0>, C4<0>, C4<0>;
v0000020592c4dbf0_0 .net/2u *"_ivl_28", 31 0, L_0000020592fd07d8;  1 drivers
v0000020592c4e4b0_0 .net *"_ivl_30", 31 0, L_0000020592c66d40;  1 drivers
L_0000020592fd0820 .functor BUFT 1, C4<1>, C4<0>, C4<0>, C4<0>;
v0000020592c4ec30_0 .net/2u *"_ivl_38", 0 0, L_0000020592fd0820;  1 drivers
v0000020592c4e410_0 .net *"_ivl_4", 31 0, L_0000020592c54500;  1 drivers
L_0000020592fd0868 .functor BUFT 1, C4<1>, C4<0>, C4<0>, C4<0>;
v0000020592c4e5f0_0 .net/2u *"_ivl_42", 0 0, L_0000020592fd0868;  1 drivers
v0000020592c4de70_0 .net *"_ivl_50", 17 0, L_0000020592c67560;  1 drivers
L_0000020592fd08b0 .functor BUFT 1, C4<000000000>, C4<0>, C4<0>, C4<0>;
v0000020592c4f1d0_0 .net *"_ivl_53", 8 0, L_0000020592fd08b0;  1 drivers
v0000020592c4e690_0 .net *"_ivl_54", 17 0, L_0000020592c676a0;  1 drivers
L_0000020592fd08f8 .functor BUFT 1, C4<000000000>, C4<0>, C4<0>, C4<0>;
v0000020592c4df10_0 .net *"_ivl_57", 8 0, L_0000020592fd08f8;  1 drivers
L_0000020592fd0670 .functor BUFT 1, C4<0000000000000000000000000000>, C4<0>, C4<0>, C4<0>;
v0000020592c4e730_0 .net *"_ivl_7", 27 0, L_0000020592fd0670;  1 drivers
L_0000020592fd06b8 .functor BUFT 1, C4<00000000000000000000000000000111>, C4<0>, C4<0>, C4<0>;
v0000020592c4f3b0_0 .net/2u *"_ivl_8", 31 0, L_0000020592fd06b8;  1 drivers
v0000020592c4f4f0_0 .net "in1", 11 0, v0000020592c50840_0;  1 drivers
v0000020592c4eaf0_0 .net "in1_exp_biased", 3 0, L_0000020592c54dc0;  1 drivers
v0000020592c4dfb0_0 .net "in1_exponent", 3 0, L_0000020592c55360;  1 drivers
v0000020592c4ecd0_0 .net "in1_mantissa", 7 0, L_0000020592c67420;  1 drivers
v0000020592c4f090_0 .net "in1_mantissa_pad1", 8 0, L_0000020592c66ac0;  1 drivers
v0000020592c4ed70_0 .net "in2", 11 0, L_0000020592c662a0;  1 drivers
v0000020592c4f130_0 .net "in2_exp_biased", 3 0, L_0000020592c54f00;  1 drivers
v0000020592c4e050_0 .net "in2_exponent", 3 0, L_0000020592c67920;  1 drivers
v0000020592c4ee10_0 .net "in2_mantissa", 7 0, L_0000020592c67ba0;  1 drivers
v0000020592c4f590_0 .net "in2_mantissa_pad1", 8 0, L_0000020592c66e80;  1 drivers
v0000020592c4f630_0 .net "out", 11 0, L_0000020592c66de0;  alias, 1 drivers
v0000020592c4f770_0 .net "out_exp_biased", 3 0, L_0000020592c667a0;  1 drivers
v0000020592c4f810_0 .var "out_exponent", 3 0;
v0000020592c4f8b0_0 .net "out_exponent_unshifted", 3 0, L_0000020592c679c0;  1 drivers
v0000020592c4e0f0_0 .var "out_mantissa", 7 0;
v0000020592c51880_0 .net "out_mantissa_unshifted", 17 0, L_0000020592c66200;  1 drivers
E_0000020592bf0660 .event anyedge, v0000020592c51880_0, v0000020592c4f8b0_0;
L_0000020592c54dc0 .part v0000020592c50840_0, 8, 4;
L_0000020592c54f00 .part L_0000020592c662a0, 8, 4;
L_0000020592c54500 .concat [ 4 28 0 0], L_0000020592c54dc0, L_0000020592fd0670;
L_0000020592c548c0 .arith/sub 32, L_0000020592c54500, L_0000020592fd06b8;
L_0000020592c55360 .part L_0000020592c548c0, 0, 4;
L_0000020592c55400 .concat [ 4 28 0 0], L_0000020592c54f00, L_0000020592fd0700;
L_0000020592c67b00 .arith/sub 32, L_0000020592c55400, L_0000020592fd0748;
L_0000020592c67920 .part L_0000020592c67b00, 0, 4;
L_0000020592c66700 .concat [ 4 28 0 0], v0000020592c4f810_0, L_0000020592fd0790;
L_0000020592c66d40 .arith/sum 32, L_0000020592c66700, L_0000020592fd07d8;
L_0000020592c667a0 .part L_0000020592c66d40, 0, 4;
L_0000020592c67420 .part v0000020592c50840_0, 0, 8;
L_0000020592c67ba0 .part L_0000020592c662a0, 0, 8;
L_0000020592c66ac0 .concat [ 8 1 0 0], L_0000020592c67420, L_0000020592fd0820;
L_0000020592c66e80 .concat [ 8 1 0 0], L_0000020592c67ba0, L_0000020592fd0868;
L_0000020592c66de0 .concat [ 8 4 0 0], v0000020592c4e0f0_0, L_0000020592c667a0;
L_0000020592c679c0 .arith/sum 4, L_0000020592c55360, L_0000020592c67920;
L_0000020592c67560 .concat [ 9 9 0 0], L_0000020592c66ac0, L_0000020592fd08b0;
L_0000020592c676a0 .concat [ 9 9 0 0], L_0000020592c66e80, L_0000020592fd08f8;
L_0000020592c66200 .arith/mult 18, L_0000020592c67560, L_0000020592c676a0;
S_0000020592c52120 .scope module, "fp12_mult_w_x_epsilon" "FP12_MULT" 2 59, 3 5 0, S_0000020592bd9fb0;
 .timescale 0 0;
    .port_info 0 /INPUT 12 "in1";
    .port_info 1 /INPUT 12 "in2";
    .port_info 2 /OUTPUT 12 "out";
P_0000020592c522b0 .param/l "IN1_BIAS" 0 3 9, +C4<00000000000000000000000000000111>;
P_0000020592c522e8 .param/l "IN1_POINT" 0 3 6, +C4<00000000000000000000000000001000>;
P_0000020592c52320 .param/l "IN2_BIAS" 0 3 10, +C4<00000000000000000000000000000111>;
P_0000020592c52358 .param/l "IN2_POINT" 0 3 7, +C4<00000000000000000000000000001000>;
P_0000020592c52390 .param/l "N" 0 3 19, +C4<00000000000000000000000000001100>;
P_0000020592c523c8 .param/l "OUT_BIAS" 0 3 11, +C4<00000000000000000000000000000111>;
P_0000020592c52400 .param/l "OUT_POINT" 0 3 8, +C4<00000000000000000000000000001000>;
v0000020592c50fc0_0 .net *"_ivl_10", 31 0, L_0000020592c55900;  1 drivers
v0000020592c512e0_0 .net *"_ivl_14", 31 0, L_0000020592c54460;  1 drivers
L_0000020592fd0160 .functor BUFT 1, C4<0000000000000000000000000000>, C4<0>, C4<0>, C4<0>;
v0000020592c51380_0 .net *"_ivl_17", 27 0, L_0000020592fd0160;  1 drivers
L_0000020592fd01a8 .functor BUFT 1, C4<00000000000000000000000000000111>, C4<0>, C4<0>, C4<0>;
v0000020592c50ca0_0 .net/2u *"_ivl_18", 31 0, L_0000020592fd01a8;  1 drivers
v0000020592c50200_0 .net *"_ivl_20", 31 0, L_0000020592c55040;  1 drivers
v0000020592c50e80_0 .net *"_ivl_24", 31 0, L_0000020592c55540;  1 drivers
L_0000020592fd01f0 .functor BUFT 1, C4<0000000000000000000000000000>, C4<0>, C4<0>, C4<0>;
v0000020592c51ce0_0 .net *"_ivl_27", 27 0, L_0000020592fd01f0;  1 drivers
L_0000020592fd0238 .functor BUFT 1, C4<00000000000000000000000000000111>, C4<0>, C4<0>, C4<0>;
v0000020592c51560_0 .net/2u *"_ivl_28", 31 0, L_0000020592fd0238;  1 drivers
v0000020592c50480_0 .net *"_ivl_30", 31 0, L_0000020592c54780;  1 drivers
L_0000020592fd0280 .functor BUFT 1, C4<1>, C4<0>, C4<0>, C4<0>;
v0000020592c51100_0 .net/2u *"_ivl_38", 0 0, L_0000020592fd0280;  1 drivers
v0000020592c51420_0 .net *"_ivl_4", 31 0, L_0000020592c55d60;  1 drivers
L_0000020592fd02c8 .functor BUFT 1, C4<1>, C4<0>, C4<0>, C4<0>;
v0000020592c50c00_0 .net/2u *"_ivl_42", 0 0, L_0000020592fd02c8;  1 drivers
v0000020592c514c0_0 .net *"_ivl_50", 17 0, L_0000020592c54a00;  1 drivers
L_0000020592fd0310 .functor BUFT 1, C4<000000000>, C4<0>, C4<0>, C4<0>;
v0000020592c511a0_0 .net *"_ivl_53", 8 0, L_0000020592fd0310;  1 drivers
v0000020592c502a0_0 .net *"_ivl_54", 17 0, L_0000020592c550e0;  1 drivers
L_0000020592fd0358 .functor BUFT 1, C4<000000000>, C4<0>, C4<0>, C4<0>;
v0000020592c51060_0 .net *"_ivl_57", 8 0, L_0000020592fd0358;  1 drivers
L_0000020592fd00d0 .functor BUFT 1, C4<0000000000000000000000000000>, C4<0>, C4<0>, C4<0>;
v0000020592c51600_0 .net *"_ivl_7", 27 0, L_0000020592fd00d0;  1 drivers
L_0000020592fd0118 .functor BUFT 1, C4<00000000000000000000000000000111>, C4<0>, C4<0>, C4<0>;
v0000020592c50f20_0 .net/2u *"_ivl_8", 31 0, L_0000020592fd0118;  1 drivers
v0000020592c51d80_0 .net "in1", 11 0, o0000020592bfca18;  alias, 0 drivers
v0000020592c50160_0 .net "in1_exp_biased", 3 0, L_0000020592c541e0;  1 drivers
v0000020592c519c0_0 .net "in1_exponent", 3 0, L_0000020592c54960;  1 drivers
v0000020592c503e0_0 .net "in1_mantissa", 7 0, L_0000020592c555e0;  1 drivers
v0000020592c51240_0 .net "in1_mantissa_pad1", 8 0, L_0000020592c55ae0;  1 drivers
v0000020592c51e20_0 .net "in2", 11 0, o0000020592bfcb08;  alias, 0 drivers
v0000020592c516a0_0 .net "in2_exp_biased", 3 0, L_0000020592c55860;  1 drivers
v0000020592c50b60_0 .net "in2_exponent", 3 0, L_0000020592c546e0;  1 drivers
v0000020592c508e0_0 .net "in2_mantissa", 7 0, L_0000020592c55a40;  1 drivers
v0000020592c51740_0 .net "in2_mantissa_pad1", 8 0, L_0000020592c54be0;  1 drivers
v0000020592c51c40_0 .net "out", 11 0, L_0000020592c557c0;  alias, 1 drivers
v0000020592c517e0_0 .net "out_exp_biased", 3 0, L_0000020592c559a0;  1 drivers
v0000020592c51920_0 .var "out_exponent", 3 0;
v0000020592c51a60_0 .net "out_exponent_unshifted", 3 0, L_0000020592c54e60;  1 drivers
v0000020592c507a0_0 .var "out_mantissa", 7 0;
v0000020592c50520_0 .net "out_mantissa_unshifted", 17 0, L_0000020592c53f60;  1 drivers
E_0000020592bf0be0 .event anyedge, v0000020592c50520_0, v0000020592c51a60_0;
L_0000020592c541e0 .part o0000020592bfca18, 8, 4;
L_0000020592c55860 .part o0000020592bfcb08, 8, 4;
L_0000020592c55d60 .concat [ 4 28 0 0], L_0000020592c541e0, L_0000020592fd00d0;
L_0000020592c55900 .arith/sub 32, L_0000020592c55d60, L_0000020592fd0118;
L_0000020592c54960 .part L_0000020592c55900, 0, 4;
L_0000020592c54460 .concat [ 4 28 0 0], L_0000020592c55860, L_0000020592fd0160;
L_0000020592c55040 .arith/sub 32, L_0000020592c54460, L_0000020592fd01a8;
L_0000020592c546e0 .part L_0000020592c55040, 0, 4;
L_0000020592c55540 .concat [ 4 28 0 0], v0000020592c51920_0, L_0000020592fd01f0;
L_0000020592c54780 .arith/sum 32, L_0000020592c55540, L_0000020592fd0238;
L_0000020592c559a0 .part L_0000020592c54780, 0, 4;
L_0000020592c555e0 .part o0000020592bfca18, 0, 8;
L_0000020592c55a40 .part o0000020592bfcb08, 0, 8;
L_0000020592c55ae0 .concat [ 8 1 0 0], L_0000020592c555e0, L_0000020592fd0280;
L_0000020592c54be0 .concat [ 8 1 0 0], L_0000020592c55a40, L_0000020592fd02c8;
L_0000020592c557c0 .concat [ 8 4 0 0], v0000020592c507a0_0, L_0000020592c559a0;
L_0000020592c54e60 .arith/sum 4, L_0000020592c54960, L_0000020592c546e0;
L_0000020592c54a00 .concat [ 9 9 0 0], L_0000020592c55ae0, L_0000020592fd0310;
L_0000020592c550e0 .concat [ 9 9 0 0], L_0000020592c54be0, L_0000020592fd0358;
L_0000020592c53f60 .arith/mult 18, L_0000020592c54a00, L_0000020592c550e0;
    .scope S_0000020592c52120;
T_0 ;
    %wait E_0000020592bf0be0;
    %load/vec4 v0000020592c50520_0;
    %parti/s 1, 17, 6;
    %cmpi/e 1, 0, 1;
    %jmp/0xz  T_0.0, 4;
    %load/vec4 v0000020592c51a60_0;
    %addi 1, 0, 4;
    %store/vec4 v0000020592c51920_0, 0, 4;
    %load/vec4 v0000020592c50520_0;
    %parti/s 8, 9, 5;
    %store/vec4 v0000020592c507a0_0, 0, 8;
    %jmp T_0.1;
T_0.0 ;
    %load/vec4 v0000020592c51a60_0;
    %store/vec4 v0000020592c51920_0, 0, 4;
    %load/vec4 v0000020592c50520_0;
    %parti/s 8, 8, 5;
    %store/vec4 v0000020592c507a0_0, 0, 8;
T_0.1 ;
    %jmp T_0;
    .thread T_0, $push;
    .scope S_0000020592bda140;
T_1 ;
    %wait E_0000020592bf02e0;
    %load/vec4 v0000020592c4da10_0;
    %parti/s 1, 17, 6;
    %cmpi/e 1, 0, 1;
    %jmp/0xz  T_1.0, 4;
    %load/vec4 v0000020592c4e190_0;
    %addi 1, 0, 4;
    %store/vec4 v0000020592c4eff0_0, 0, 4;
    %load/vec4 v0000020592c4da10_0;
    %parti/s 8, 9, 5;
    %store/vec4 v0000020592c4e9b0_0, 0, 8;
    %jmp T_1.1;
T_1.0 ;
    %load/vec4 v0000020592c4e190_0;
    %store/vec4 v0000020592c4eff0_0, 0, 4;
    %load/vec4 v0000020592c4da10_0;
    %parti/s 8, 8, 5;
    %store/vec4 v0000020592c4e9b0_0, 0, 8;
T_1.1 ;
    %jmp T_1;
    .thread T_1, $push;
    .scope S_0000020592c4fbe0;
T_2 ;
    %wait E_0000020592bf0660;
    %load/vec4 v0000020592c51880_0;
    %parti/s 1, 17, 6;
    %cmpi/e 1, 0, 1;
    %jmp/0xz  T_2.0, 4;
    %load/vec4 v0000020592c4f8b0_0;
    %addi 1, 0, 4;
    %store/vec4 v0000020592c4f810_0, 0, 4;
    %load/vec4 v0000020592c51880_0;
    %parti/s 8, 9, 5;
    %store/vec4 v0000020592c4e0f0_0, 0, 8;
    %jmp T_2.1;
T_2.0 ;
    %load/vec4 v0000020592c4f8b0_0;
    %store/vec4 v0000020592c4f810_0, 0, 4;
    %load/vec4 v0000020592c51880_0;
    %parti/s 8, 8, 5;
    %store/vec4 v0000020592c4e0f0_0, 0, 8;
T_2.1 ;
    %jmp T_2;
    .thread T_2, $push;
    .scope S_0000020592bd9fb0;
T_3 ;
    %wait E_0000020592bf04e0;
    %load/vec4 v0000020592c540a0_0;
    %nor/r;
    %flag_set/vec4 8;
    %jmp/0xz  T_3.0, 8;
    %pushi/vec4 0, 0, 12;
    %assign/vec4 v0000020592c50340_0, 0;
    %pushi/vec4 0, 0, 12;
    %assign/vec4 v0000020592c50840_0, 0;
    %pushi/vec4 0, 0, 12;
    %assign/vec4 v0000020592c51f60_0, 0;
    %pushi/vec4 0, 0, 12;
    %assign/vec4 v0000020592c50980_0, 0;
    %jmp T_3.1;
T_3.0 ;
    %load/vec4 v0000020592c50de0_0;
    %assign/vec4 v0000020592c50340_0, 0;
    %load/vec4 v0000020592c51ba0_0;
    %assign/vec4 v0000020592c50840_0, 0;
    %load/vec4 v0000020592c52000_0;
    %assign/vec4 v0000020592c51f60_0, 0;
    %load/vec4 v0000020592c505c0_0;
    %assign/vec4 v0000020592c50980_0, 0;
T_3.1 ;
    %jmp T_3;
    .thread T_3;
# The file index is used to find the file name in the following table.
:file_names 4;
    "N/A";
    "<interactive>";
    ".\Path_Gen.v";
    ".\FP12_MULT.v";
